<?xml version="1.0" encoding="UTF-8"?>
<testsuite name="OptimizeSingleTest" tests="1" skipped="0" failures="0" errors="0" timestamp="2023-04-19T14:30:09" hostname="KAZUAKInoMacBook-Air-2.local" time="22.432">
  <properties/>
  <testcase name="test_pngquant()" classname="OptimizeSingleTest" time="22.432"/>
  <system-out><![CDATA[85fce7ffec419dc0e190238d222bab7f28605be3.png 30059506 -> 14031591 (Δ53%)
9d302388f498655ff83b7bf09300b9349da180a4.png 4421991 -> 2689472 (Δ39%)
36d37ce9da868a38de0306b2eef61c7e29bc7fa7.png 1958860 -> 1232875 (Δ37%)
71c08bd06b8540bc90f00d78ffc3474b6b5bd16c.png 16431923 -> 8675885 (Δ47%)
dbbb8ecfe2d956cfc9b6960011608d0fff363917.png 4181715 -> 2610232 (Δ37%)
b2b76409ff6e9009d4f2f51e686c1c292448a5f3.png 5836625 -> 3483585 (Δ40%)
]]></system-out>
  <system-err><![CDATA[]]></system-err>
</testsuite>
